<?xml version="1.0" encoding="UTF-8"?>
<!-- Generated by org.testng.reporters.JUnitReportReporter -->
<testsuite hostname="MAA15-CG146BRH5" failures="0" tests="1" name="JenkinsDemo.Jenkins1" time="0.014" errors="0" timestamp="2024-07-27T12:34:04 IST" skipped="0">
  <testcase classname="JenkinsDemo.Jenkins1" name="demo" time="0.014"/>
</testsuite> <!-- JenkinsDemo.Jenkins1 -->
